<?xml version="1.0" encoding="UTF-8"?>
<!-- Generated by org.testng.reporters.JUnitReportReporter -->
<testsuite skipped="0" hostname="DESKTOP-25I7L6M" name="com.testng.ParameterTest" tests="2" failures="0" timestamp="2021-01-06T22:53:00 IST" time="18.715" errors="0">
  <testcase name="LaunchUrlTest" time="17.741" classname="com.testng.ParameterTest"/>
  <system-out/>
  <testcase name="LoginTest" time="0.974" classname="com.testng.ParameterTest"/>
  <system-out/>
</testsuite> <!-- com.testng.ParameterTest -->
