<?xml version="1.0" encoding="UTF-8"?>
<!-- Generated by org.testng.reporters.JUnitReportReporter -->
<testsuite skipped="0" hostname="DESKTOP-25I7L6M" name="com.testng.DependsOnMethodAtrribute" tests="8" failures="0" timestamp="2021-01-06T22:53:00 IST" time="0.019" errors="0">
  <testcase name="test6" time="0.003" classname="com.testng.DependsOnMethodAtrribute"/>
  <system-out/>
  <testcase name="test3" time="0.002" classname="com.testng.DependsOnMethodAtrribute"/>
  <system-out/>
  <testcase name="test1" time="0.002" classname="com.testng.DependsOnMethodAtrribute"/>
  <system-out/>
  <testcase name="test4" time="0.002" classname="com.testng.DependsOnMethodAtrribute"/>
  <system-out/>
  <testcase name="test7" time="0.002" classname="com.testng.DependsOnMethodAtrribute"/>
  <system-out/>
  <testcase name="test5" time="0.003" classname="com.testng.DependsOnMethodAtrribute"/>
  <system-out/>
  <testcase name="test2" time="0.003" classname="com.testng.DependsOnMethodAtrribute"/>
  <system-out/>
  <testcase name="test8" time="0.002" classname="com.testng.DependsOnMethodAtrribute"/>
  <system-out/>
</testsuite> <!-- com.testng.DependsOnMethodAtrribute -->
