<?xml version="1.0" encoding="UTF-8"?>
<!-- Generated by org.testng.reporters.JUnitReportReporter -->
<testsuite skipped="0" hostname="DESKTOP-25I7L6M" name="com.testng.AnnotationAttributes" tests="3" failures="0" timestamp="2021-01-05T22:54:57 IST" time="0.058" errors="0">
  <testcase name="test2" time="0.009" classname="com.testng.AnnotationAttributes"/>
  <system-out/>
  <testcase name="test1" time="0.041" classname="com.testng.AnnotationAttributes"/>
  <system-out/>
  <testcase name="test3" time="0.008" classname="com.testng.AnnotationAttributes"/>
  <system-out/>
</testsuite> <!-- com.testng.AnnotationAttributes -->
