<?xml version="1.0" encoding="UTF-8"?>
<!-- Generated by org.testng.reporters.JUnitReportReporter -->
<testsuite skipped="0" hostname="DESKTOP-25I7L6M" name="com.testng.AssertTest" tests="6" failures="0" timestamp="2021-01-06T22:53:00 IST" time="0.048" errors="0">
  <testcase name="talukaTest1" time="0.007" classname="com.testng.AssertTest"/>
  <system-out/>
  <testcase name="talukaTest" time="0.004" classname="com.testng.AssertTest"/>
  <system-out/>
  <testcase name="districtTest" time="0.012" classname="com.testng.AssertTest"/>
  <system-out/>
  <testcase name="villageTest" time="0.016" classname="com.testng.AssertTest"/>
  <system-out/>
  <testcase name="stateTest" time="0.004" classname="com.testng.AssertTest"/>
  <system-out/>
  <testcase name="testIndia" time="0.005" classname="com.testng.AssertTest"/>
  <system-out/>
</testsuite> <!-- com.testng.AssertTest -->
