<?xml version="1.0" encoding="UTF-8"?>
<!-- Generated by org.testng.reporters.JUnitReportReporter -->
<testsuite skipped="0" hostname="DESKTOP-25I7L6M" name="com.testng.TestNGBasics" tests="6" failures="0" timestamp="2021-07-24T16:38:59 IST" time="65.504" errors="0">
  <testcase name="googleTitle" time="7.027" classname="com.testng.TestNGBasics"/>
  <system-out/>
  <testcase name="typeName" time="10.940" classname="com.testng.TestNGBasics"/>
  <system-out/>
  <testcase name="googleLogoTest" time="25.143" classname="com.testng.TestNGBasics"/>
  <system-out/>
  <testcase name="testCase4" time="7.167" classname="com.testng.TestNGBasics"/>
  <system-out/>
  <testcase name="testCase5" time="7.433" classname="com.testng.TestNGBasics"/>
  <system-out/>
  <testcase name="testCase6" time="7.794" classname="com.testng.TestNGBasics"/>
  <system-out/>
</testsuite> <!-- com.testng.TestNGBasics -->
