<?xml version="1.0" encoding="UTF-8"?>
<!-- Generated by org.testng.reporters.JUnitReportReporter -->
<testsuite skipped="0" hostname="DESKTOP-25I7L6M" name="com.testng.AssertTest" tests="6" failures="0" timestamp="2021-07-24T15:33:18 IST" time="0.110" errors="0">
  <testcase name="villageTest" time="0.005" classname="com.testng.AssertTest"/>
  <system-out/>
  <testcase name="talukaTest" time="0.004" classname="com.testng.AssertTest"/>
  <system-out/>
  <testcase name="testIndia" time="0.006" classname="com.testng.AssertTest"/>
  <system-out/>
  <testcase name="districtTest" time="0.071" classname="com.testng.AssertTest"/>
  <system-out/>
  <testcase name="stateTest" time="0.005" classname="com.testng.AssertTest"/>
  <system-out/>
  <testcase name="talukaTest1" time="0.019" classname="com.testng.AssertTest"/>
  <system-out/>
</testsuite> <!-- com.testng.AssertTest -->
